  ConsoleApplication1.cpp
C:\Users\Jessy\Desktop\Mes cours\C\hae_gp2\cours0\ConsoleApplication1\ConsoleApplication1.cpp(399,14): warning C4244: 'argument' : conversion de 'int' en 'const T', perte possible de données
          with
          [
              T=float
          ]
C:\Users\Jessy\Desktop\Mes cours\C\hae_gp2\cours0\ConsoleApplication1\DynArr.h(64,2): warning C4018: '<' : incompatibilité signed/unsigned
C:\Users\Jessy\Desktop\Mes cours\C\hae_gp2\cours0\ConsoleApplication1\DynArr.h(62): message : pendant la compilation de la fonction membre classe modèle 'void DynArr<float>::Reverse(void)'
C:\Users\Jessy\Desktop\Mes cours\C\hae_gp2\cours0\ConsoleApplication1\ConsoleApplication1.cpp(401): message : voir la référence à l'instanciation de la fonction modèle 'void DynArr<float>::Reverse(void)' en cours de compilation
C:\Users\Jessy\Desktop\Mes cours\C\hae_gp2\cours0\ConsoleApplication1\ConsoleApplication1.cpp(354): message : voir la référence à l'instanciation classe modèle 'DynArr<float>' en cours de compilation
C:\Users\Jessy\Desktop\Mes cours\C\hae_gp2\cours0\ConsoleApplication1\DynArr.h(37,13): warning C4018: '>=' : incompatibilité signed/unsigned
C:\Users\Jessy\Desktop\Mes cours\C\hae_gp2\cours0\ConsoleApplication1\DynArr.h(35): message : pendant la compilation de la fonction membre classe modèle 'void DynArr<float>::set(int,const T &)'
          with
          [
              T=float
          ]
C:\Users\Jessy\Desktop\Mes cours\C\hae_gp2\cours0\ConsoleApplication1\ConsoleApplication1.cpp(364): message : voir la référence à l'instanciation de la fonction modèle 'void DynArr<float>::set(int,const T &)' en cours de compilation
          with
          [
              T=float
          ]
C:\Users\Jessy\Desktop\Mes cours\C\hae_gp2\cours0\ConsoleApplication1\DynArr.h(29,13): warning C4018: '>=' : incompatibilité signed/unsigned
C:\Users\Jessy\Desktop\Mes cours\C\hae_gp2\cours0\ConsoleApplication1\DynArr.h(28): message : pendant la compilation de la fonction membre classe modèle 'T &DynArr<T>::get(int)'
          with
          [
              T=float
          ]
C:\Users\Jessy\Desktop\Mes cours\C\hae_gp2\cours0\ConsoleApplication1\ConsoleApplication1.cpp(390): message : voir la référence à l'instanciation de la fonction modèle 'T &DynArr<T>::get(int)' en cours de compilation
          with
          [
              T=float
          ]
C:\Users\Jessy\Desktop\Mes cours\C\hae_gp2\cours0\ConsoleApplication1\DynArr.h(47,20): warning C4018: '<' : incompatibilité signed/unsigned
C:\Users\Jessy\Desktop\Mes cours\C\hae_gp2\cours0\ConsoleApplication1\DynArr.h(46): message : pendant la compilation de la fonction membre classe modèle 'void DynArr<float>::resize(int)'
C:\Users\Jessy\Desktop\Mes cours\C\hae_gp2\cours0\ConsoleApplication1\DynArr.h(38): message : voir la référence à l'instanciation de la fonction modèle 'void DynArr<float>::resize(int)' en cours de compilation
  ConsoleApplication1.vcxproj -> C:\Users\Jessy\Desktop\Mes cours\C\hae_gp2\cours0\Debug\ConsoleApplication1.exe
